<?xml version="1.0" encoding="UTF-8"?>
<!-- Generated by org.testng.reporters.JUnitXMLReporter -->
<testsuite ignored="0" hostname="IDEAPAD-LT3" failures="1" tests="56" name="Default test" time="26.891" errors="0" timestamp="2024-08-06T22:37:42 IST">
  <testcase classname="com.itc.qa.testcases.ExtensionPageTestCases" name="verifyTex" time="5.163"/>
  <testcase classname="com.itc.qa.testcases.ExtensionPageTestCases" name="verifyText" time="0.061"/>
  <testcase classname="com.itc.qa.testcases.ExtensionPageTestCases" name="verifyText1" time="0.02"/>
  <testcase classname="com.itc.qa.testcases.ExtensionPageTestCases" name="verifyText2" time="0.03"/>
  <testcase classname="com.itc.qa.testcases.ExtensionPageTestCases" name="verifyText3" time="0.033"/>
  <testcase classname="com.itc.qa.testcases.ExtensionPageTestCases" name="verifyText4" time="0.023"/>
  <testcase classname="com.itc.qa.testcases.ExtensionPageTestCases" name="verifyText5" time="0.027"/>
  <testcase classname="com.itc.qa.testcases.ExtensionPageTestCases" name="verifyText6" time="0.021"/>
  <testcase classname="com.itc.qa.testcases.ExtensionPageTestCases" name="verifyText7" time="0.022"/>
  <testcase classname="com.itc.qa.testcases.ExtensionPageTestCases" name="verifyText8" time="0.018"/>
  <testcase classname="com.itc.qa.testcases.ExtensionPageTestCases" name="verifyText9" time="0.02"/>
  <testcase classname="com.itc.qa.testcases.ExtensionPageTestCases" name="verifyText10" time="0.027"/>
  <testcase classname="com.itc.qa.testcases.ExtensionPageTestCases" name="verifyText11" time="0.013"/>
  <testcase classname="com.itc.qa.testcases.ExtensionPageTestCases" name="verifyValidationofExtension" time="0.075"/>
  <testcase classname="com.itc.qa.testcases.ExtensionPageTestCases" name="verifyValidationofExtension1" time="0.092"/>
  <testcase classname="com.itc.qa.testcases.ExtensionPageTestCases" name="verifyEnterTextIntoTextBox" time="0.122"/>
  <testcase classname="com.itc.qa.testcases.ExtensionPageTestCases" name="extensionTexte" time="0.017"/>
  <testcase classname="com.itc.qa.testcases.ExtensionPageTestCases" name="radioButtonInfo" time="0.02"/>
  <testcase classname="com.itc.qa.testcases.ExtensionPageTestCases" name="infomationalText" time="0.02"/>
  <testcase classname="com.itc.qa.testcases.ExtensionPageTestCases" name="infomationalToolTip" time="0.027"/>
  <testcase classname="com.itc.qa.testcases.ExtensionPageTestCases" name="infomationalToolTipTextHead" time="2.122"/>
  <testcase classname="com.itc.qa.testcases.ExtensionPageTestCases" name="infomationalToolTipTextDescription" time="2.102"/>
  <testcase classname="com.itc.qa.testcases.ExtensionPageTestCases" name="radioButtonMassageTaking" time="0.018"/>
  <testcase classname="com.itc.qa.testcases.ExtensionPageTestCases" name="messageTakingText" time="0.032"/>
  <testcase classname="com.itc.qa.testcases.ExtensionPageTestCases" name="messageTakingToolTip" time="0.022"/>
  <testcase classname="com.itc.qa.testcases.ExtensionPageTestCases" name="messageTakingToolTipTextHead" time="2.078"/>
  <testcase classname="com.itc.qa.testcases.ExtensionPageTestCases" name="messageTakingToolTipTextDescription" time="2.085"/>
  <testcase classname="com.itc.qa.testcases.ExtensionPageTestCases" name="radioButtonPBxExts" time="0.026"/>
  <testcase classname="com.itc.qa.testcases.ExtensionPageTestCases" name="pBXTextss" time="0.024"/>
  <testcase classname="com.itc.qa.testcases.ExtensionPageTestCases" name="pBXinfoss" time="0.03"/>
  <testcase classname="com.itc.qa.testcases.ExtensionPageTestCases" name="pBXToolTipss" time="0.033"/>
  <testcase classname="com.itc.qa.testcases.ExtensionPageTestCases" name="pBXToolTipTextHeads" time="2.07"/>
  <testcase classname="com.itc.qa.testcases.ExtensionPageTestCases" name="pBXToolTipTextDescriptions" time="2.077"/>
  <testcase classname="com.itc.qa.testcases.ExtensionPageTestCases" name="messageTakingexts" time="0.05"/>
  <testcase classname="com.itc.qa.testcases.ExtensionPageTestCases" name="informationalexts" time="0.019"/>
  <testcase classname="com.itc.qa.testcases.ExtensionPageTestCases" name="radioButtonACDexts" time="0.022"/>
  <testcase classname="com.itc.qa.testcases.ExtensionPageTestCases" name="ACDTextss" time="0.024"/>
  <testcase classname="com.itc.qa.testcases.ExtensionPageTestCases" name="ACDinfo" time="0.03"/>
  <testcase classname="com.itc.qa.testcases.ExtensionPageTestCases" name="ACDToolTips" time="0.028"/>
  <testcase classname="com.itc.qa.testcases.ExtensionPageTestCases" name="ACDToolTipTextHead" time="2.075"/>
  <testcase classname="com.itc.qa.testcases.ExtensionPageTestCases" name="ACDToolTipTextDescriptions" time="2.071"/>
  <testcase classname="com.itc.qa.testcases.ExtensionPageTestCases" name="displayNameTextforInformationalExt" time="0.028"/>
  <testcase classname="com.itc.qa.testcases.ExtensionPageTestCases" name="displayNameTextBoxforInformationalExt" time="0.03"/>
  <testcase classname="com.itc.qa.testcases.ExtensionPageTestCases" name="displayNameTextBoxTooltip" time="0.083"/>
  <testcase classname="com.itc.qa.testcases.ExtensionPageTestCases" name="InformationTooltipInfoforDisplayNameTextBoxs" time="0.067"/>
  <testcase classname="com.itc.qa.testcases.ExtensionPageTestCases" name="enterTextondisplayNameTextBox" time="0.092"/>
  <testcase classname="com.itc.qa.testcases.ExtensionPageTestCases" name="descriptionTextforInformational" time="0.017"/>
  <testcase classname="com.itc.qa.testcases.ExtensionPageTestCases" name="descriptionTextBox" time="0.02"/>
  <testcase classname="com.itc.qa.testcases.ExtensionPageTestCases" name="descriptionTextBoxTextArea" time="0.023"/>
  <testcase classname="com.itc.qa.testcases.ExtensionPageTestCases" name="enterTextIndescriptionTextBox" time="0.173"/>
  <testcase classname="com.itc.qa.testcases.ExtensionPageTestCases" name="textBackTextforInformational" time="0.028"/>
  <testcase classname="com.itc.qa.testcases.ExtensionPageTestCases" name="textBackToggleKey" time="0.029"/>
  <testcase classname="com.itc.qa.testcases.ExtensionPageTestCases" name="textBackToolTip" time="0.027"/>
  <testcase classname="com.itc.qa.testcases.ExtensionPageTestCases" name="testScrollToBottom" time="0.01"/>
  <testcase classname="com.itc.qa.testcases.ExtensionPageTestCases" name="clickTextBackToolTip" time="0.16"/>
  <testcase classname="com.itc.qa.testcases.ExtensionPageTestCases" name="TclickOnextBackToggleKey" time="3.089">
    <failure type="org.openqa.selenium.ElementClickInterceptedException" message="element click intercepted: Element &amp;lt;label class=&amp;quot;btn btn-default active toggle-off&amp;quot;&amp;gt;...&amp;lt;/label&amp;gt; is not clickable at point (661, 492). Other element would receive the click: &amp;lt;span class=&amp;quot;Rdo-slider&amp;quot;&amp;gt;&amp;lt;/span&amp;gt;
  (Session info: chrome=127.0.6533.89)
Build info: version: &amp;apos;4.23.0&amp;apos;, revision: &amp;apos;4df0a231af&amp;apos;
System info: os.name: &amp;apos;Windows 11&amp;apos;, os.arch: &amp;apos;amd64&amp;apos;, os.version: &amp;apos;10.0&amp;apos;, java.version: &amp;apos;20.0.1&amp;apos;
Driver info: org.openqa.selenium.chrome.ChromeDriver
Command: [41dec3be9034ed2200a9ea970e593d9a, clickElement {id=f.9FC13703A455481055537E6358BA543F.d.3A7FE4F655C8B699778A3234FE24F876.e.338}]
Capabilities {acceptInsecureCerts: false, browserName: chrome, browserVersion: 127.0.6533.89, chrome: {chromedriverVersion: 127.0.6533.72 (9755e24ca85a..., userDataDir: C:\Users\SINGAN~1\AppData\L...}, fedcm:accounts: true, goog:chromeOptions: {debuggerAddress: localhost:60616}, networkConnectionEnabled: false, pageLoadStrategy: normal, platformName: windows, proxy: Proxy(), se:cdp: ws://localhost:60616/devtoo..., se:cdpVersion: 127.0.6533.89, setWindowRect: true, strictFileInteractability: false, timeouts: {implicit: 0, pageLoad: 300000, script: 30000}, unhandledPromptBehavior: dismiss and notify, webauthn:extension:credBlob: true, webauthn:extension:largeBlob: true, webauthn:extension:minPinLength: true, webauthn:extension:prf: true, webauthn:virtualAuthenticators: true}
Element: [[ChromeDriver: chrome on windows (41dec3be9034ed2200a9ea970e593d9a)] -&amp;gt; xpath: //label[contains(text(),&amp;apos;Off&amp;apos;)]]
Session ID: 41dec3be9034ed2200a9ea970e593d9a">
      <![CDATA[org.openqa.selenium.ElementClickInterceptedException: element click intercepted: Element <label class="btn btn-default active toggle-off">...</label> is not clickable at point (661, 492). Other element would receive the click: <span class="Rdo-slider"></span>
  (Session info: chrome=127.0.6533.89)
Build info: version: '4.23.0', revision: '4df0a231af'
System info: os.name: 'Windows 11', os.arch: 'amd64', os.version: '10.0', java.version: '20.0.1'
Driver info: org.openqa.selenium.chrome.ChromeDriver
Command: [41dec3be9034ed2200a9ea970e593d9a, clickElement {id=f.9FC13703A455481055537E6358BA543F.d.3A7FE4F655C8B699778A3234FE24F876.e.338}]
Capabilities {acceptInsecureCerts: false, browserName: chrome, browserVersion: 127.0.6533.89, chrome: {chromedriverVersion: 127.0.6533.72 (9755e24ca85a..., userDataDir: C:\Users\SINGAN~1\AppData\L...}, fedcm:accounts: true, goog:chromeOptions: {debuggerAddress: localhost:60616}, networkConnectionEnabled: false, pageLoadStrategy: normal, platformName: windows, proxy: Proxy(), se:cdp: ws://localhost:60616/devtoo..., se:cdpVersion: 127.0.6533.89, setWindowRect: true, strictFileInteractability: false, timeouts: {implicit: 0, pageLoad: 300000, script: 30000}, unhandledPromptBehavior: dismiss and notify, webauthn:extension:credBlob: true, webauthn:extension:largeBlob: true, webauthn:extension:minPinLength: true, webauthn:extension:prf: true, webauthn:virtualAuthenticators: true}
Element: [[ChromeDriver: chrome on windows (41dec3be9034ed2200a9ea970e593d9a)] -> xpath: //label[contains(text(),'Off')]]
Session ID: 41dec3be9034ed2200a9ea970e593d9a
at java.base/jdk.internal.reflect.DirectConstructorHandleAccessor.newInstance(DirectConstructorHandleAccessor.java:67)
at java.base/java.lang.reflect.Constructor.newInstanceWithCaller(Constructor.java:500)
at java.base/java.lang.reflect.Constructor.newInstance(Constructor.java:484)
at org.openqa.selenium.remote.ErrorCodec.decode(ErrorCodec.java:167)
at org.openqa.selenium.remote.codec.w3c.W3CHttpResponseCodec.decode(W3CHttpResponseCodec.java:138)
at org.openqa.selenium.remote.codec.w3c.W3CHttpResponseCodec.decode(W3CHttpResponseCodec.java:50)
at org.openqa.selenium.remote.HttpCommandExecutor.execute(HttpCommandExecutor.java:190)
at org.openqa.selenium.remote.service.DriverCommandExecutor.invokeExecute(DriverCommandExecutor.java:216)
at org.openqa.selenium.remote.service.DriverCommandExecutor.execute(DriverCommandExecutor.java:174)
at org.openqa.selenium.remote.RemoteWebDriver.execute(RemoteWebDriver.java:527)
at org.openqa.selenium.remote.RemoteWebElement.execute(RemoteWebElement.java:223)
at org.openqa.selenium.remote.RemoteWebElement.click(RemoteWebElement.java:76)
at java.base/jdk.internal.reflect.DirectMethodHandleAccessor.invoke(DirectMethodHandleAccessor.java:104)
at java.base/java.lang.reflect.Method.invoke(Method.java:578)
at org.openqa.selenium.support.pagefactory.internal.LocatingElementHandler.invoke(LocatingElementHandler.java:51)
at jdk.proxy2/jdk.proxy2.$Proxy12.click(Unknown Source)
at com.itc.qa.pages.ExtensionPage.TclickOnextBackToggleKey(ExtensionPage.java:127)
at com.itc.qa.testcases.ExtensionPageTestCases.TclickOnextBackToggleKey(ExtensionPageTestCases.java:357)
at java.base/jdk.internal.reflect.DirectMethodHandleAccessor.invoke(DirectMethodHandleAccessor.java:104)
at java.base/java.lang.reflect.Method.invoke(Method.java:578)
at org.testng.internal.MethodInvocationHelper.invokeMethod(MethodInvocationHelper.java:132)
at org.testng.internal.TestInvoker.invokeMethod(TestInvoker.java:599)
at org.testng.internal.TestInvoker.invokeTestMethod(TestInvoker.java:174)
at org.testng.internal.MethodRunner.runInSequence(MethodRunner.java:46)
at org.testng.internal.TestInvoker$MethodInvocationAgent.invoke(TestInvoker.java:822)
at org.testng.internal.TestInvoker.invokeTestMethods(TestInvoker.java:147)
at org.testng.internal.TestMethodWorker.invokeTestMethods(TestMethodWorker.java:146)
at org.testng.internal.TestMethodWorker.run(TestMethodWorker.java:128)
at java.base/java.util.ArrayList.forEach(ArrayList.java:1511)
at org.testng.TestRunner.privateRun(TestRunner.java:764)
at org.testng.TestRunner.run(TestRunner.java:585)
at org.testng.SuiteRunner.runTest(SuiteRunner.java:384)
at org.testng.SuiteRunner.runSequentially(SuiteRunner.java:378)
at org.testng.SuiteRunner.privateRun(SuiteRunner.java:337)
at org.testng.SuiteRunner.run(SuiteRunner.java:286)
at org.testng.SuiteRunnerWorker.runSuite(SuiteRunnerWorker.java:53)
at org.testng.SuiteRunnerWorker.run(SuiteRunnerWorker.java:96)
at org.testng.TestNG.runSuitesSequentially(TestNG.java:1218)
at org.testng.TestNG.runSuitesLocally(TestNG.java:1140)
at org.testng.TestNG.runSuites(TestNG.java:1069)
at org.testng.TestNG.run(TestNG.java:1037)
at org.testng.remote.AbstractRemoteTestNG.run(AbstractRemoteTestNG.java:115)
at org.testng.remote.RemoteTestNG.initAndRun(RemoteTestNG.java:251)
at org.testng.remote.RemoteTestNG.main(RemoteTestNG.java:77)
]]>
    </failure>
  </testcase> <!-- TclickOnextBackToggleKey -->
</testsuite> <!-- Default test -->
